2025-08-09 20:03:38,522 - INFO - [views] - User None deleted.
2025-08-09 20:04:29,285 - INFO - [Get_Username_Object] - The user passed not exist, User passed fady@example.com
2025-08-09 20:04:32,014 - INFO - [views] - User None deleted.
2025-08-09 20:05:42,495 - INFO - [views] - User None deleted.
2025-08-09 20:06:07,511 - INFO - [views] - User None deleted.
2025-08-09 20:07:46,786 - INFO - [views] - User None deleted.
2025-08-09 20:08:08,068 - INFO - [views] - User None deleted.
2025-08-09 20:08:33,998 - INFO - [views] - User None deleted.
2025-08-09 20:09:00,054 - INFO - [views] - User None deleted.
2025-08-09 20:09:33,587 - INFO - [views] - User None deleted.
2025-08-09 20:10:58,316 - INFO - [views] - User fady deleted.
2025-08-09 20:16:16,342 - INFO - [views] - User fady Created Successfully
2025-08-09 20:16:21,040 - INFO - [views] - User fady deleted.
2025-08-09 20:19:16,079 - INFO - [views] - User fady Created Successfully
2025-08-09 20:19:19,839 - ERROR - [views] - Error updating user 14: 'Request' object has no attribute 'username'
2025-08-09 20:19:20,936 - INFO - [views] - User fady deleted.
2025-08-09 20:21:41,480 - INFO - [views] - User fady Created Successfully
2025-08-09 20:21:45,333 - ERROR - [views] - Error updating user fady: 'Request' object has no attribute 'username'
2025-08-09 20:21:46,439 - INFO - [views] - User fady deleted.
2025-08-09 20:22:44,132 - INFO - [views] - User fady Created Successfully
2025-08-09 20:22:47,850 - ERROR - [views] - Error updating user fady: 'Request' object has no attribute 'username'
2025-08-09 20:22:48,923 - INFO - [views] - User fady deleted.
2025-08-09 20:25:02,385 - INFO - [views] - User fady Created Successfully
2025-08-09 20:25:06,061 - ERROR - [views] - Error updating user fady: 'Request' object has no attribute 'username'
2025-08-09 20:25:07,072 - INFO - [views] - User fady deleted.
2025-08-09 20:29:44,103 - INFO - [views] - User fady Created Successfully
2025-08-09 20:29:47,764 - ERROR - [views] - Error updating user fady: 'User' object has no attribute 'data'
2025-08-09 20:29:48,860 - INFO - [views] - User fady deleted.
2025-08-09 20:35:01,799 - INFO - [views] - User fady Created Successfully
2025-08-09 20:35:05,464 - ERROR - [views] - Error updating user fady: 'User' object has no attribute 'data'
2025-08-09 20:35:06,584 - INFO - [views] - User fady deleted.
2025-08-09 20:36:56,497 - INFO - [views] - User fady Created Successfully
2025-08-09 20:37:00,142 - ERROR - [views] - Error updating user fady: 'User' object has no attribute 'data'
2025-08-09 20:37:01,172 - INFO - [views] - User fady deleted.
2025-08-09 20:37:58,515 - INFO - [views] - User fady Created Successfully
2025-08-09 20:38:03,274 - INFO - [views] - User fady deleted.
2025-08-09 20:38:57,508 - INFO - [views] - User fady Created Successfully
2025-08-09 20:39:01,205 - ERROR - [views] - Error updating user fady: 'User' object has no attribute 'data'
2025-08-09 20:39:02,252 - INFO - [views] - User fady deleted.
2025-08-09 20:40:37,410 - INFO - [views] - User fady Created Successfully
2025-08-09 20:40:41,000 - ERROR - [views] - Error updating user fady: 'User' object has no attribute 'data'
2025-08-09 20:40:42,129 - INFO - [views] - User fady deleted.
2025-08-09 20:41:25,720 - INFO - [views] - User fady Created Successfully
2025-08-09 20:41:29,417 - ERROR - [views] - Error updating user fady: 'QueryDict' object has no attribute 'data'
2025-08-09 20:41:30,552 - INFO - [views] - User fady deleted.
2025-08-09 20:42:26,372 - INFO - [views] - User fady Created Successfully
2025-08-09 20:42:29,961 - ERROR - [views] - Error updating user fady: 'User' object has no attribute 'data'
2025-08-09 20:42:31,111 - INFO - [views] - User fady deleted.
2025-08-09 20:43:24,464 - INFO - [views] - User fady Created Successfully
2025-08-09 20:43:28,203 - ERROR - [views] - Error updating user fady: 'User' object has no attribute 'data'
2025-08-09 20:43:29,200 - INFO - [views] - User fady deleted.
2025-08-09 20:45:23,042 - INFO - [views] - User fady Created Successfully
2025-08-09 20:45:26,734 - ERROR - [views] - Error updating user fady: 'User' object has no attribute 'data'
2025-08-09 20:45:27,743 - INFO - [views] - User fady deleted.
2025-08-09 20:46:21,856 - INFO - [views] - User fady Created Successfully
2025-08-09 20:46:25,492 - ERROR - [views] - Error updating user fady: 'Request' object has no attribute 'username'
2025-08-09 20:46:26,635 - INFO - [views] - User fady deleted.
2025-08-09 20:52:43,488 - INFO - [views] - User fady Created Successfully
2025-08-09 20:52:47,098 - ERROR - [views] - Error updating user fady: 'Request' object has no attribute 'username'
2025-08-09 20:52:48,123 - INFO - [views] - User fady deleted.
2025-08-09 20:56:12,666 - INFO - [views] - User fady Created Successfully
2025-08-09 20:56:16,342 - ERROR - [views] - Error updating user fady: 'User' object has no attribute 'dict'
2025-08-09 20:56:17,468 - INFO - [views] - User fady deleted.
2025-08-09 20:57:05,057 - INFO - [views] - User fady Created Successfully
2025-08-09 20:57:08,710 - ERROR - [views] - Error updating user fady: 'User' object is not iterable
2025-08-09 20:57:09,766 - INFO - [views] - User fady deleted.
2025-08-09 20:58:16,043 - INFO - [views] - User fady Created Successfully
2025-08-09 20:58:19,684 - ERROR - [views] - Error updating user fady: cannot convert dictionary update sequence element #0 to a sequence
2025-08-09 20:58:20,776 - INFO - [views] - User fady deleted.
2025-08-09 20:59:53,398 - INFO - [views] - User fady Created Successfully
2025-08-09 20:59:57,093 - ERROR - [views] - Error updating user fady: 'UserSerializer' object has no attribute 'pop'
2025-08-09 20:59:58,123 - INFO - [views] - User fady deleted.
2025-08-09 21:00:47,387 - INFO - [views] - User fady Created Successfully
2025-08-09 21:00:51,180 - ERROR - [views] - Error updating user fady: 'Request' object has no attribute 'username'
2025-08-09 21:00:52,222 - INFO - [views] - User fady deleted.
2025-08-09 21:02:02,066 - INFO - [views] - User fady Created Successfully
2025-08-09 21:02:05,798 - INFO - [views] - Update of user:fady newvalue:{'username': 'fady', 'email': 'fady@example.com', 'first_name': '', 'last_name': 'Mahrous', 'birthdate': '1992-01-27', 'nationalid': '1234', 'phonenumber': '+49 15259027585'}
2025-08-09 21:02:06,829 - INFO - [views] - User fady deleted.
2025-08-09 21:02:32,967 - INFO - [views] - User fady Created Successfully
2025-08-09 21:02:36,756 - INFO - [views] - Update of user:fady newvalue:{'username': 'fady', 'email': 'fady@example.com', 'first_name': '', 'last_name': 'Mahrous', 'birthdate': '1992-01-27', 'nationalid': '1234', 'phonenumber': '+49 15259027585'}
2025-08-09 21:02:37,718 - INFO - [views] - User fady deleted.
2025-08-09 21:06:30,352 - INFO - [views] - User fady Created Successfully
2025-08-09 21:06:34,013 - INFO - [views] - User fady updated successfully
2025-08-09 21:06:35,012 - INFO - [views] - User fady deleted.
2025-08-09 21:07:44,318 - INFO - [views] - User fady Created Successfully
2025-08-09 21:07:48,003 - INFO - [views] - User fady updated successfully
2025-08-09 21:07:48,959 - INFO - [views] - User fady deleted.
2025-08-09 21:46:20,388 - INFO - [views] - User fady created successfully
2025-08-09 21:46:23,145 - INFO - [views] - Token issued for user fady
2025-08-09 21:46:23,900 - INFO - [views] - Token issued for user fady
2025-08-09 21:46:24,772 - INFO - [views] - Token issued for user fady
2025-08-09 21:51:18,054 - INFO - [views] - Token issued for user fady
2025-08-09 21:51:18,805 - INFO - [views] - Token issued for user fady
2025-08-09 21:51:19,547 - INFO - [views] - Token issued for user fady
2025-08-09 21:51:58,618 - INFO - [views] - Token issued for user fady
2025-08-09 21:51:59,351 - INFO - [views] - Token issued for user fady
2025-08-09 21:52:00,111 - INFO - [views] - Token issued for user fady
2025-08-09 21:52:31,286 - INFO - [views] - Token issued for user fady
2025-08-09 21:52:32,046 - INFO - [views] - Token issued for user fady
2025-08-09 21:52:32,190 - INFO - [views] - User fady updated successfully
2025-08-09 21:52:32,921 - INFO - [views] - Token issued for user fady
2025-08-09 21:52:33,164 - INFO - [views] - User fady deleted.
2025-08-09 21:54:15,603 - INFO - [views] - User fady created successfully
2025-08-09 21:54:18,351 - INFO - [views] - Token issued for user fady
2025-08-09 21:54:19,092 - INFO - [views] - Token issued for user fady
2025-08-09 21:54:19,251 - INFO - [views] - User fady updated successfully
2025-08-09 21:54:19,926 - INFO - [views] - Token issued for user fady
2025-08-09 21:54:20,154 - INFO - [views] - User fady deleted.
2025-08-09 21:55:24,983 - INFO - [views] - User fady created successfully
2025-08-09 21:55:27,850 - INFO - [views] - Token issued for user fady
2025-08-09 21:55:28,517 - INFO - [views] - Token issued for user fady
2025-08-09 21:55:28,702 - INFO - [views] - User fady updated successfully
2025-08-09 21:55:29,502 - INFO - [views] - Token issued for user fady
2025-08-09 21:55:29,776 - INFO - [views] - User fady deleted.
2025-08-09 21:56:04,287 - INFO - [views] - User fady created successfully
2025-08-09 21:56:07,071 - INFO - [views] - Token issued for user fady
2025-08-09 21:56:07,846 - INFO - [views] - Token issued for user fady
2025-08-09 21:56:08,006 - INFO - [views] - User fady updated successfully
2025-08-09 21:56:08,689 - INFO - [views] - Token issued for user fady
2025-08-09 21:56:08,938 - INFO - [views] - User fady deleted.
2025-08-09 21:56:19,492 - INFO - [views] - User fady created successfully
2025-08-09 21:56:22,314 - INFO - [views] - Token issued for user fady
2025-08-09 21:56:23,109 - INFO - [views] - Token issued for user fady
2025-08-09 21:56:23,262 - INFO - [views] - User fady updated successfully
2025-08-09 21:56:24,050 - INFO - [views] - Token issued for user fady
2025-08-09 21:56:24,295 - INFO - [views] - User fady deleted.
2025-08-09 22:03:41,121 - INFO - [views] - User fady created successfully
2025-08-09 22:03:43,927 - INFO - [views] - Token issued for user fady
2025-08-09 22:03:44,638 - INFO - [views] - Token issued for user fady
2025-08-09 22:03:44,994 - INFO - [views] - User fady updated successfully
2025-08-09 22:03:45,878 - INFO - [views] - Token issued for user fady
2025-08-09 22:03:46,142 - INFO - [views] - User fady deleted.
